<?xml version="1.0" encoding="UTF-8"?>
<!-- Generated by org.testng.reporters.JUnitReportReporter -->
<testsuite hostname="DT081302" failures="0" tests="2" name="testCases.ECMHealthCheck" time="16.879" errors="0" timestamp="2021-06-03T08:57:13 SAST" skipped="0">
  <testcase classname="testCases.ECMHealthCheck" name="URLCheck" time="16.443"/>
  <system-out/>
  <testcase classname="testCases.ECMHealthCheck" name="FoldersCheck" time="0.436"/>
  <system-out/>
</testsuite> <!-- testCases.ECMHealthCheck -->
