<?xml version="1.0" encoding="UTF-8"?>
<!-- Generated by org.testng.reporters.JUnitReportReporter -->
<testsuite hostname="ZAOMPEUCV0049" failures="0" tests="1" name="testCases.ExtentReportTest2" time="0.024" errors="0" timestamp="2021-02-16T15:52:10 SAST" skipped="0">
  <testcase classname="testCases.ExtentReportTest2" name="checkgoogle" time="0.024"/>
  <system-out/>
</testsuite> <!-- testCases.ExtentReportTest2 -->
