<?xml version="1.0" encoding="UTF-8"?>
<!-- Generated by org.testng.reporters.JUnitReportReporter -->
<testsuite hostname="ZAOMPEUCV0049" failures="0" tests="1" name="testcasesAPI.LibraryAPITest" time="10.161" errors="0" timestamp="2021-04-19T18:37:21 SAST" skipped="0">
  <testcase classname="testcasesAPI.LibraryAPITest" name="AddBook_API_Test" time="10.161"/>
  <system-out/>
</testsuite> <!-- testcasesAPI.LibraryAPITest -->
