<?xml version="1.0" encoding="UTF-8"?>
<!-- Generated by org.testng.reporters.JUnitReportReporter -->
<testsuite hostname="ZAOMPEUCV0049" failures="0" tests="1" name="testCases.NFR_Verification" time="1154.192" errors="0" timestamp="2021-03-10T14:52:06 SAST" skipped="0">
  <testcase classname="testCases.NFR_Verification" name="VerifyNFR" time="1154.192"/>
  <system-out/>
</testsuite> <!-- testCases.NFR_Verification -->
