<?xml version="1.0" encoding="UTF-8"?>
<!-- Generated by org.testng.reporters.JUnitReportReporter -->
<testsuite hostname="ZAOMPEUCV0049" failures="0" tests="1" name="testCases.tNFR_Verification" time="78.884" errors="0" timestamp="2021-01-15T14:35:45 SAST" skipped="0">
  <testcase classname="testCases.tNFR_Verification" name="VerifyNFR" time="78.884"/>
  <system-out/>
</testsuite> <!-- testCases.tNFR_Verification -->
