<?xml version="1.0" encoding="UTF-8"?>
<!-- Generated by org.testng.reporters.JUnitReportReporter -->
<testsuite hostname="ZAOMPEUCV0049" failures="0" tests="1" name="npwTestCases.TC01_CheckHeaderFooter" time="85.226" errors="0" timestamp="2021-02-11T11:41:28 SAST" skipped="0">
  <testcase classname="npwTestCases.TC01_CheckHeaderFooter" name="CheckHerderFooter" time="85.226"/>
  <system-out/>
</testsuite> <!-- npwTestCases.TC01_CheckHeaderFooter -->
