<?xml version="1.0" encoding="UTF-8"?>
<!-- Generated by org.testng.reporters.JUnitReportReporter -->
<testsuite hostname="WSAMZN-D8INV091" failures="0" tests="1" name="testCases.Apitest_Google_Maps" time="9.972" errors="0" timestamp="2021-07-29T18:06:36 IST" skipped="0">
  <testcase classname="testCases.Apitest_Google_Maps" name="getCookies" time="9.972"/>
  <system-out/>
</testsuite> <!-- testCases.Apitest_Google_Maps -->
