<?xml version="1.0" encoding="UTF-8"?>
<!-- Generated by org.testng.reporters.JUnitReportReporter -->
<testsuite hostname="WSAMZN-D8INV091" failures="0" tests="4" name="testCases.BizagiHealthCheck" time="438.020" errors="0" timestamp="2021-06-28T13:46:58 IST" skipped="0">
  <testcase classname="testCases.BizagiHealthCheck" name="FoldersCheck" time="233.774"/>
  <system-out/>
  <testcase classname="testCases.BizagiHealthCheck" name="SQLDatabaseSPCheck" time="130.354"/>
  <system-out/>
  <testcase classname="testCases.BizagiHealthCheck" name="SQLDatabaseCheck" time="44.107"/>
  <system-out/>
  <testcase classname="testCases.BizagiHealthCheck" name="URLCheck" time="29.785"/>
  <system-out/>
</testsuite> <!-- testCases.BizagiHealthCheck -->
