<?xml version="1.0" encoding="UTF-8"?>
<!-- Generated by org.testng.reporters.JUnitReportReporter -->
<testsuite hostname="ZAOMPEUCV0049" failures="0" tests="1" name="testCases.SACallMeBacks" time="9.541" errors="0" timestamp="2021-01-20T13:08:41 SAST" skipped="0">
  <testcase classname="testCases.SACallMeBacks" name="funeralcmb" time="9.541"/>
  <system-out/>
</testsuite> <!-- testCases.SACallMeBacks -->
