<?xml version="1.0" encoding="UTF-8"?>
<!-- Generated by org.testng.reporters.JUnitReportReporter -->
<testsuite hostname="WSAMZN-D8INV091" failures="0" tests="1" name="testcasesAPI.CreateCasesTest" time="9.142" errors="0" timestamp="2021-09-15T15:02:59 IST" skipped="0">
  <testcase classname="testcasesAPI.CreateCasesTest" name="getCRnumber" time="9.142"/>
  <system-out/>
</testsuite> <!-- testcasesAPI.CreateCasesTest -->
