<?xml version="1.0" encoding="UTF-8"?>
<!-- Generated by org.testng.reporters.JUnitReportReporter -->
<testsuite hostname="ZAOMPEUCV0049" failures="0" tests="1" name="testCases.ComplexJsonpars" time="5.717" errors="0" timestamp="2021-03-08T15:23:22 SAST" skipped="0">
  <testcase classname="testCases.ComplexJsonpars" name="Jsonparse" time="5.717"/>
  <system-out/>
</testsuite> <!-- testCases.ComplexJsonpars -->
